{"numTotalTestSuites":35,"numPassedTestSuites":28,"numFailedTestSuites":7,"numPendingTestSuites":0,"numTotalTests":121,"numPassedTests":108,"numFailedTests":13,"numPendingTests":0,"numTodoTests":0,"snapshot":{"added":0,"failure":false,"filesAdded":0,"filesRemoved":0,"filesRemovedList":[],"filesUnmatched":0,"filesUpdated":0,"matched":0,"total":0,"unchecked":0,"uncheckedKeysByFile":[],"unmatched":0,"updated":0,"didUpdate":false},"startTime":1772502679962,"success":false,"testResults":[{"assertionResults":[{"ancestorTitles":["Household Server Actions","createHousehold"],"fullName":"Household Server Actions createHousehold requires a name","status":"passed","title":"requires a name","duration":2.550700000000006,"failureMessages":[],"meta":{}},{"ancestorTitles":["Household Server Actions","createHousehold"],"fullName":"Household Server Actions createHousehold creates a household successfully","status":"failed","title":"creates a household successfully","duration":5.048400000000129,"failureMessages":["TypeError: supabase.from(...).insert(...).select is not a function\n    at Module.createHousehold (C:/Users/steve/Downloads/Cartbuddy/src/app/actions/household.ts:37:10)\n    at processTicksAndRejections (node:internal/process/task_queues:103:5)\n    at C:/Users/steve/Downloads/Cartbuddy/src/__tests__/actions/household.test.ts:81:13\n    at file:///C:/Users/steve/Downloads/Cartbuddy/node_modules/@vitest/runner/dist/index.js:915:20"],"meta":{}},{"ancestorTitles":["Household Server Actions","createHousehold"],"fullName":"Household Server Actions createHousehold uses default household name if not provided","status":"failed","title":"uses default household name if not provided","duration":1.299900000000207,"failureMessages":["TypeError: supabase.from(...).insert(...).select is not a function\n    at Module.createHousehold (C:/Users/steve/Downloads/Cartbuddy/src/app/actions/household.ts:37:10)\n    at processTicksAndRejections (node:internal/process/task_queues:103:5)\n    at C:/Users/steve/Downloads/Cartbuddy/src/__tests__/actions/household.test.ts:115:13\n    at file:///C:/Users/steve/Downloads/Cartbuddy/node_modules/@vitest/runner/dist/index.js:915:20"],"meta":{}},{"ancestorTitles":["Household Server Actions","joinHousehold"],"fullName":"Household Server Actions joinHousehold requires a name","status":"passed","title":"requires a name","duration":0.7590000000000146,"failureMessages":[],"meta":{}},{"ancestorTitles":["Household Server Actions","joinHousehold"],"fullName":"Household Server Actions joinHousehold returns error for invalid invite code","status":"failed","title":"returns error for invalid invite code","duration":1.0909999999998945,"failureMessages":["TypeError: supabase.from(...).select(...).eq is not a function\n    at Module.joinHousehold (C:/Users/steve/Downloads/Cartbuddy/src/app/actions/household.ts:73:10)\n    at processTicksAndRejections (node:internal/process/task_queues:103:5)\n    at C:/Users/steve/Downloads/Cartbuddy/src/__tests__/actions/household.test.ts:137:28\n    at file:///C:/Users/steve/Downloads/Cartbuddy/node_modules/@vitest/runner/dist/index.js:915:20"],"meta":{}},{"ancestorTitles":["Household Server Actions","joinHousehold"],"fullName":"Household Server Actions joinHousehold joins household successfully","status":"failed","title":"joins household successfully","duration":0.7889999999999873,"failureMessages":["TypeError: supabase.from(...).select(...).eq is not a function\n    at Module.joinHousehold (C:/Users/steve/Downloads/Cartbuddy/src/app/actions/household.ts:73:10)\n    at processTicksAndRejections (node:internal/process/task_queues:103:5)\n    at C:/Users/steve/Downloads/Cartbuddy/src/__tests__/actions/household.test.ts:159:13\n    at file:///C:/Users/steve/Downloads/Cartbuddy/node_modules/@vitest/runner/dist/index.js:915:20"],"meta":{}},{"ancestorTitles":["Household Server Actions","joinHousehold"],"fullName":"Household Server Actions joinHousehold returns specific error for duplicate membership","status":"failed","title":"returns specific error for duplicate membership","duration":0.6907000000001062,"failureMessages":["TypeError: supabase.from(...).select(...).eq is not a function\n    at Module.joinHousehold (C:/Users/steve/Downloads/Cartbuddy/src/app/actions/household.ts:73:10)\n    at processTicksAndRejections (node:internal/process/task_queues:103:5)\n    at C:/Users/steve/Downloads/Cartbuddy/src/__tests__/actions/household.test.ts:193:28\n    at file:///C:/Users/steve/Downloads/Cartbuddy/node_modules/@vitest/runner/dist/index.js:915:20"],"meta":{}},{"ancestorTitles":["Household Server Actions","leaveHousehold"],"fullName":"Household Server Actions leaveHousehold returns error if not authenticated","status":"passed","title":"returns error if not authenticated","duration":0.5542000000000371,"failureMessages":[],"meta":{}},{"ancestorTitles":["Household Server Actions","leaveHousehold"],"fullName":"Household Server Actions leaveHousehold allows regular member to leave","status":"failed","title":"allows regular member to leave","duration":0.7755000000001928,"failureMessages":["TypeError: supabase.from(...).select(...).eq is not a function\n    at Module.leaveHousehold (C:/Users/steve/Downloads/Cartbuddy/src/app/actions/household.ts:135:10)\n    at processTicksAndRejections (node:internal/process/task_queues:103:5)\n    at C:/Users/steve/Downloads/Cartbuddy/src/__tests__/actions/household.test.ts:215:13\n    at file:///C:/Users/steve/Downloads/Cartbuddy/node_modules/@vitest/runner/dist/index.js:915:20"],"meta":{}},{"ancestorTitles":["Household Server Actions","leaveHousehold"],"fullName":"Household Server Actions leaveHousehold prevents owner from leaving if other members exist","status":"failed","title":"prevents owner from leaving if other members exist","duration":0.6313999999999851,"failureMessages":["TypeError: supabase.from(...).select(...).eq is not a function\n    at Module.leaveHousehold (C:/Users/steve/Downloads/Cartbuddy/src/app/actions/household.ts:135:10)\n    at processTicksAndRejections (node:internal/process/task_queues:103:5)\n    at C:/Users/steve/Downloads/Cartbuddy/src/__tests__/actions/household.test.ts:234:28\n    at file:///C:/Users/steve/Downloads/Cartbuddy/node_modules/@vitest/runner/dist/index.js:915:20"],"meta":{}},{"ancestorTitles":["Household Server Actions","leaveHousehold"],"fullName":"Household Server Actions leaveHousehold deletes household if last owner leaves","status":"failed","title":"deletes household if last owner leaves","duration":0.5343000000000302,"failureMessages":["TypeError: supabase.from(...).select(...).eq is not a function\n    at Module.leaveHousehold (C:/Users/steve/Downloads/Cartbuddy/src/app/actions/household.ts:135:10)\n    at processTicksAndRejections (node:internal/process/task_queues:103:5)\n    at C:/Users/steve/Downloads/Cartbuddy/src/__tests__/actions/household.test.ts:256:13\n    at file:///C:/Users/steve/Downloads/Cartbuddy/node_modules/@vitest/runner/dist/index.js:915:20"],"meta":{}}],"startTime":1772502681717,"endTime":1772502681732.5342,"status":"failed","message":"","name":"C:/Users/steve/Downloads/Cartbuddy/src/__tests__/actions/household.test.ts"},{"assertionResults":[{"ancestorTitles":["CATEGORIES"],"fullName":"CATEGORIES has 11 entries","status":"passed","title":"has 11 entries","duration":2.0669000000000324,"failureMessages":[],"meta":{}},{"ancestorTitles":["CATEGORIES"],"fullName":"CATEGORIES has unique IDs","status":"passed","title":"has unique IDs","duration":0.25289999999995416,"failureMessages":[],"meta":{}},{"ancestorTitles":["CATEGORIES"],"fullName":"CATEGORIES has unique names","status":"passed","title":"has unique names","duration":0.13099999999985812,"failureMessages":[],"meta":{}},{"ancestorTitles":["CATEGORIES"],"fullName":"CATEGORIES has \"Produce\" as first category","status":"passed","title":"has \"Produce\" as first category","duration":0.16609999999991487,"failureMessages":[],"meta":{}},{"ancestorTitles":["CATEGORIES"],"fullName":"CATEGORIES has \"Other\" as last category","status":"passed","title":"has \"Other\" as last category","duration":0.1268999999999778,"failureMessages":[],"meta":{}},{"ancestorTitles":["CATEGORIES"],"fullName":"CATEGORIES all entries have id, name, sort_order","status":"passed","title":"all entries have id, name, sort_order","duration":1.5617999999999483,"failureMessages":[],"meta":{}},{"ancestorTitles":["configuration constants"],"fullName":"configuration constants UNDO_TIMEOUT_MS is 5000 (5 seconds)","status":"passed","title":"UNDO_TIMEOUT_MS is 5000 (5 seconds)","duration":0.231899999999996,"failureMessages":[],"meta":{}},{"ancestorTitles":["configuration constants"],"fullName":"configuration constants PRESENCE_HEARTBEAT_MS is 15000 (15 seconds)","status":"passed","title":"PRESENCE_HEARTBEAT_MS is 15000 (15 seconds)","duration":0.17080000000009932,"failureMessages":[],"meta":{}},{"ancestorTitles":["configuration constants"],"fullName":"configuration constants MIN_TOUCH_TARGET_PX is 44","status":"passed","title":"MIN_TOUCH_TARGET_PX is 44","duration":0.1636999999998352,"failureMessages":[],"meta":{}},{"ancestorTitles":["configuration constants"],"fullName":"configuration constants ACTIVITY_FEED_LIMIT is 20","status":"passed","title":"ACTIVITY_FEED_LIMIT is 20","duration":0.19270000000005894,"failureMessages":[],"meta":{}},{"ancestorTitles":["ITEM_STATUS"],"fullName":"ITEM_STATUS has active, checked, and archived","status":"passed","title":"has active, checked, and archived","duration":0.20650000000000546,"failureMessages":[],"meta":{}},{"ancestorTitles":["ITEM_STATUS"],"fullName":"ITEM_STATUS has unique values","status":"passed","title":"has unique values","duration":0.0908999999999196,"failureMessages":[],"meta":{}},{"ancestorTitles":["MEMBER_ROLE"],"fullName":"MEMBER_ROLE has owner and member","status":"passed","title":"has owner and member","duration":0.07979999999997744,"failureMessages":[],"meta":{}},{"ancestorTitles":["ACTIVITY_ACTION"],"fullName":"ACTIVITY_ACTION has all expected actions","status":"passed","title":"has all expected actions","duration":0.5070999999998094,"failureMessages":[],"meta":{}},{"ancestorTitles":["ACTIVITY_ACTION"],"fullName":"ACTIVITY_ACTION has unique values","status":"passed","title":"has unique values","duration":0.24340000000006512,"failureMessages":[],"meta":{}},{"ancestorTitles":["ACTIVITY_ACTION"],"fullName":"ACTIVITY_ACTION has 12 activity types","status":"passed","title":"has 12 activity types","duration":0.22319999999990614,"failureMessages":[],"meta":{}}],"startTime":1772502681700,"endTime":1772502681707.2434,"status":"passed","message":"","name":"C:/Users/steve/Downloads/Cartbuddy/src/__tests__/lib/constants.test.ts"},{"assertionResults":[{"ancestorTitles":["cn (class name merge)"],"fullName":"cn (class name merge) merges simple class names","status":"passed","title":"merges simple class names","duration":4.219100000000253,"failureMessages":[],"meta":{}},{"ancestorTitles":["cn (class name merge)"],"fullName":"cn (class name merge) handles falsy values","status":"passed","title":"handles falsy values","duration":0.17889999999988504,"failureMessages":[],"meta":{}},{"ancestorTitles":["cn (class name merge)"],"fullName":"cn (class name merge) handles conditional classes","status":"passed","title":"handles conditional classes","duration":0.12489999999979773,"failureMessages":[],"meta":{}},{"ancestorTitles":["cn (class name merge)"],"fullName":"cn (class name merge) resolves tailwind conflicts (last wins)","status":"passed","title":"resolves tailwind conflicts (last wins)","duration":0.4389000000001033,"failureMessages":[],"meta":{}},{"ancestorTitles":["cn (class name merge)"],"fullName":"cn (class name merge) resolves complex tailwind conflicts","status":"passed","title":"resolves complex tailwind conflicts","duration":0.30529999999998836,"failureMessages":[],"meta":{}},{"ancestorTitles":["cn (class name merge)"],"fullName":"cn (class name merge) returns empty string for no input","status":"passed","title":"returns empty string for no input","duration":0.1202000000002954,"failureMessages":[],"meta":{}},{"ancestorTitles":["cn (class name merge)"],"fullName":"cn (class name merge) handles array input","status":"passed","title":"handles array input","duration":0.09480000000030486,"failureMessages":[],"meta":{}},{"ancestorTitles":["timeAgo"],"fullName":"timeAgo formats a recent date as relative time","status":"passed","title":"formats a recent date as relative time","duration":0.776299999999992,"failureMessages":[],"meta":{}},{"ancestorTitles":["timeAgo"],"fullName":"timeAgo accepts Date object","status":"passed","title":"accepts Date object","duration":0.1738999999997759,"failureMessages":[],"meta":{}},{"ancestorTitles":["timeAgo"],"fullName":"timeAgo handles very recent times","status":"passed","title":"handles very recent times","duration":0.14960000000019136,"failureMessages":[],"meta":{}},{"ancestorTitles":["tempId"],"fullName":"tempId returns a string","status":"passed","title":"returns a string","duration":0.32600000000002183,"failureMessages":[],"meta":{}},{"ancestorTitles":["tempId"],"fullName":"tempId returns unique values","status":"passed","title":"returns unique values","duration":0.2019999999997708,"failureMessages":[],"meta":{}},{"ancestorTitles":["tempId"],"fullName":"tempId returns UUID format","status":"passed","title":"returns UUID format","duration":0.14509999999972933,"failureMessages":[],"meta":{}},{"ancestorTitles":["debounce"],"fullName":"debounce delays function execution","status":"passed","title":"delays function execution","duration":2.4924000000000888,"failureMessages":[],"meta":{}},{"ancestorTitles":["debounce"],"fullName":"debounce resets timer on subsequent calls","status":"passed","title":"resets timer on subsequent calls","duration":0.4157999999997628,"failureMessages":[],"meta":{}},{"ancestorTitles":["debounce"],"fullName":"debounce passes arguments to the function","status":"passed","title":"passes arguments to the function","duration":1.0360999999998057,"failureMessages":[],"meta":{}},{"ancestorTitles":["debounce"],"fullName":"debounce only calls the function once for rapid calls","status":"passed","title":"only calls the function once for rapid calls","duration":0.3007999999999811,"failureMessages":[],"meta":{}}],"startTime":1772502682471,"endTime":1772502682482.3008,"status":"passed","message":"","name":"C:/Users/steve/Downloads/Cartbuddy/src/__tests__/lib/utils.test.ts"},{"assertionResults":[{"ancestorTitles":["useItems"],"fullName":"useItems fetches items successfully","status":"failed","title":"fetches items successfully","duration":95.84339999999997,"failureMessages":["AssertionError: expected [] to deeply equal [ { id: '1', name: 'Milk' }, …(1) ]\n    at C:/Users/steve/Downloads/Cartbuddy/src/__tests__/hooks/use-items.test.tsx:71:38\n    at file:///C:/Users/steve/Downloads/Cartbuddy/node_modules/@vitest/runner/dist/index.js:915:20"],"meta":{}},{"ancestorTitles":["useItems"],"fullName":"useItems falls back to plain select if join fails","status":"failed","title":"falls back to plain select if join fails","duration":70.33269999999993,"failureMessages":["AssertionError: expected [] to deeply equal [ { id: '1', name: 'Milk' } ]\n    at C:/Users/steve/Downloads/Cartbuddy/src/__tests__/hooks/use-items.test.tsx:88:38\n    at file:///C:/Users/steve/Downloads/Cartbuddy/node_modules/@vitest/runner/dist/index.js:915:20"],"meta":{}},{"ancestorTitles":["useItems"],"fullName":"useItems adds an item successfully","status":"failed","title":"adds an item successfully","duration":4.022299999999859,"failureMessages":["TypeError: supabase.from(...).insert(...).select(...).single is not a function\n    at Object.mutationFn (C:/Users/steve/Downloads/Cartbuddy/src/hooks/use-items.ts:86:18)"],"meta":{}},{"ancestorTitles":["useItems"],"fullName":"useItems optimistically checks an item","status":"failed","title":"optimistically checks an item","duration":7.818300000000136,"failureMessages":["AssertionError: expected 'active' to be 'checked' // Object.is equality\n    at C:/Users/steve/Downloads/Cartbuddy/src/__tests__/hooks/use-items.test.tsx:124:33\n    at file:///C:/Users/steve/Downloads/Cartbuddy/node_modules/@vitest/runner/dist/index.js:145:11\n    at file:///C:/Users/steve/Downloads/Cartbuddy/node_modules/@vitest/runner/dist/index.js:915:26\n    at file:///C:/Users/steve/Downloads/Cartbuddy/node_modules/@vitest/runner/dist/index.js:1243:20\n    at new Promise (<anonymous>)\n    at runWithTimeout (file:///C:/Users/steve/Downloads/Cartbuddy/node_modules/@vitest/runner/dist/index.js:1209:10)\n    at file:///C:/Users/steve/Downloads/Cartbuddy/node_modules/@vitest/runner/dist/index.js:1653:37\n    at Traces.$ (file:///C:/Users/steve/Downloads/Cartbuddy/node_modules/vitest/dist/chunks/traces.CCmnQaNT.js:142:27)\n    at trace (file:///C:/Users/steve/Downloads/Cartbuddy/node_modules/vitest/dist/chunks/test.B8ej_ZHS.js:239:21)\n    at runTest (file:///C:/Users/steve/Downloads/Cartbuddy/node_modules/@vitest/runner/dist/index.js:1653:12)"],"meta":{}},{"ancestorTitles":["useItems"],"fullName":"useItems rolls back check on error","status":"passed","title":"rolls back check on error","duration":1.7113999999999123,"failureMessages":[],"meta":{}},{"ancestorTitles":["useItems"],"fullName":"useItems optimistically deletes an item","status":"failed","title":"optimistically deletes an item","duration":2.1483999999998105,"failureMessages":["AssertionError: expected [ Array(2) ] to have a length of 1 but got 2\n    at Proxy.<anonymous> (file:///C:/Users/steve/Downloads/Cartbuddy/node_modules/@vitest/expect/dist/index.js:1322:20)\n    at Proxy.<anonymous> (file:///C:/Users/steve/Downloads/Cartbuddy/node_modules/@vitest/expect/dist/index.js:1090:14)\n    at Proxy.methodWrapper (file:///C:/Users/steve/Downloads/Cartbuddy/node_modules/chai/index.js:1700:25)\n    at C:/Users/steve/Downloads/Cartbuddy/src/__tests__/hooks/use-items.test.tsx:173:23\n    at file:///C:/Users/steve/Downloads/Cartbuddy/node_modules/@vitest/runner/dist/index.js:145:11\n    at file:///C:/Users/steve/Downloads/Cartbuddy/node_modules/@vitest/runner/dist/index.js:915:26\n    at file:///C:/Users/steve/Downloads/Cartbuddy/node_modules/@vitest/runner/dist/index.js:1243:20\n    at new Promise (<anonymous>)\n    at runWithTimeout (file:///C:/Users/steve/Downloads/Cartbuddy/node_modules/@vitest/runner/dist/index.js:1209:10)\n    at file:///C:/Users/steve/Downloads/Cartbuddy/node_modules/@vitest/runner/dist/index.js:1653:37"],"meta":{}}],"startTime":1772502681897,"endTime":1772502682080.1484,"status":"failed","message":"","name":"C:/Users/steve/Downloads/Cartbuddy/src/__tests__/hooks/use-items.test.tsx"},{"assertionResults":[{"ancestorTitles":["useUIStore","mode"],"fullName":"useUIStore mode starts in management mode","status":"passed","title":"starts in management mode","duration":1.5601999999998952,"failureMessages":[],"meta":{}},{"ancestorTitles":["useUIStore","mode"],"fullName":"useUIStore mode setMode changes to shopping","status":"passed","title":"setMode changes to shopping","duration":0.2480000000000473,"failureMessages":[],"meta":{}},{"ancestorTitles":["useUIStore","mode"],"fullName":"useUIStore mode setMode changes to management","status":"passed","title":"setMode changes to management","duration":0.1875999999999749,"failureMessages":[],"meta":{}},{"ancestorTitles":["useUIStore","mode"],"fullName":"useUIStore mode toggleMode from management to shopping","status":"passed","title":"toggleMode from management to shopping","duration":0.21630000000004657,"failureMessages":[],"meta":{}},{"ancestorTitles":["useUIStore","mode"],"fullName":"useUIStore mode toggleMode from shopping to management","status":"passed","title":"toggleMode from shopping to management","duration":0.15250000000014552,"failureMessages":[],"meta":{}},{"ancestorTitles":["useUIStore","mode"],"fullName":"useUIStore mode double toggle returns to original mode","status":"passed","title":"double toggle returns to original mode","duration":0.09339999999997417,"failureMessages":[],"meta":{}},{"ancestorTitles":["useUIStore","activeStoreId"],"fullName":"useUIStore activeStoreId starts as null","status":"passed","title":"starts as null","duration":0.10979999999995016,"failureMessages":[],"meta":{}},{"ancestorTitles":["useUIStore","activeStoreId"],"fullName":"useUIStore activeStoreId setActiveStoreId sets store id","status":"passed","title":"setActiveStoreId sets store id","duration":0.10179999999991196,"failureMessages":[],"meta":{}},{"ancestorTitles":["useUIStore","activeStoreId"],"fullName":"useUIStore activeStoreId setActiveStoreId can reset to null","status":"passed","title":"setActiveStoreId can reset to null","duration":0.1614999999999327,"failureMessages":[],"meta":{}},{"ancestorTitles":["useUIStore","isOnline"],"fullName":"useUIStore isOnline setIsOnline changes to false","status":"passed","title":"setIsOnline changes to false","duration":0.2037000000000262,"failureMessages":[],"meta":{}},{"ancestorTitles":["useUIStore","isOnline"],"fullName":"useUIStore isOnline setIsOnline changes back to true","status":"passed","title":"setIsOnline changes back to true","duration":0.1225000000001728,"failureMessages":[],"meta":{}},{"ancestorTitles":["useUIStore","pendingSyncCount"],"fullName":"useUIStore pendingSyncCount starts at 0","status":"passed","title":"starts at 0","duration":0.11310000000003129,"failureMessages":[],"meta":{}},{"ancestorTitles":["useUIStore","pendingSyncCount"],"fullName":"useUIStore pendingSyncCount setPendingSyncCount sets value","status":"passed","title":"setPendingSyncCount sets value","duration":0.11379999999985557,"failureMessages":[],"meta":{}},{"ancestorTitles":["useUIStore","pendingSyncCount"],"fullName":"useUIStore pendingSyncCount incrementPendingSync increments by 1","status":"passed","title":"incrementPendingSync increments by 1","duration":0.10629999999991924,"failureMessages":[],"meta":{}},{"ancestorTitles":["useUIStore","pendingSyncCount"],"fullName":"useUIStore pendingSyncCount incrementPendingSync multiple times","status":"passed","title":"incrementPendingSync multiple times","duration":0.09149999999999636,"failureMessages":[],"meta":{}},{"ancestorTitles":["useUIStore","pendingSyncCount"],"fullName":"useUIStore pendingSyncCount decrementPendingSync decrements by 1","status":"passed","title":"decrementPendingSync decrements by 1","duration":0.13150000000018736,"failureMessages":[],"meta":{}},{"ancestorTitles":["useUIStore","pendingSyncCount"],"fullName":"useUIStore pendingSyncCount decrementPendingSync does not go below 0","status":"passed","title":"decrementPendingSync does not go below 0","duration":0.0827999999999065,"failureMessages":[],"meta":{}},{"ancestorTitles":["useUIStore","pendingSyncCount"],"fullName":"useUIStore pendingSyncCount decrementPendingSync from 1 gives 0","status":"passed","title":"decrementPendingSync from 1 gives 0","duration":0.07619999999997162,"failureMessages":[],"meta":{}}],"startTime":1772502681723,"endTime":1772502681728.1316,"status":"passed","message":"","name":"C:/Users/steve/Downloads/Cartbuddy/src/__tests__/stores/ui-store.test.ts"},{"assertionResults":[{"ancestorTitles":["householdSchema"],"fullName":"householdSchema accepts a valid household name","status":"passed","title":"accepts a valid household name","duration":1.8410999999998694,"failureMessages":[],"meta":{}},{"ancestorTitles":["householdSchema"],"fullName":"householdSchema trims whitespace","status":"passed","title":"trims whitespace","duration":0.19669999999996435,"failureMessages":[],"meta":{}},{"ancestorTitles":["householdSchema"],"fullName":"householdSchema rejects empty name","status":"passed","title":"rejects empty name","duration":0.48109999999996944,"failureMessages":[],"meta":{}},{"ancestorTitles":["householdSchema"],"fullName":"householdSchema rejects whitespace-only name","status":"passed","title":"rejects whitespace-only name","duration":0.20240000000012515,"failureMessages":[],"meta":{}},{"ancestorTitles":["householdSchema"],"fullName":"householdSchema rejects name over 50 characters","status":"passed","title":"rejects name over 50 characters","duration":0.1880999999998494,"failureMessages":[],"meta":{}},{"ancestorTitles":["householdSchema"],"fullName":"householdSchema accepts name at exactly 50 characters","status":"passed","title":"accepts name at exactly 50 characters","duration":0.10750000000007276,"failureMessages":[],"meta":{}},{"ancestorTitles":["householdSchema"],"fullName":"householdSchema rejects missing name","status":"passed","title":"rejects missing name","duration":0.29179999999996653,"failureMessages":[],"meta":{}},{"ancestorTitles":["joinHouseholdSchema"],"fullName":"joinHouseholdSchema accepts a valid name","status":"passed","title":"accepts a valid name","duration":0.27539999999999054,"failureMessages":[],"meta":{}},{"ancestorTitles":["joinHouseholdSchema"],"fullName":"joinHouseholdSchema trims whitespace","status":"passed","title":"trims whitespace","duration":0.1773000000000593,"failureMessages":[],"meta":{}},{"ancestorTitles":["joinHouseholdSchema"],"fullName":"joinHouseholdSchema rejects empty name","status":"passed","title":"rejects empty name","duration":0.2017000000000735,"failureMessages":[],"meta":{}},{"ancestorTitles":["joinHouseholdSchema"],"fullName":"joinHouseholdSchema rejects name over 30 characters","status":"passed","title":"rejects name over 30 characters","duration":0.16799999999989268,"failureMessages":[],"meta":{}},{"ancestorTitles":["joinHouseholdSchema"],"fullName":"joinHouseholdSchema accepts name at exactly 30 characters","status":"passed","title":"accepts name at exactly 30 characters","duration":0.08930000000009386,"failureMessages":[],"meta":{}}],"startTime":1772502681770,"endTime":1772502681774.2017,"status":"passed","message":"","name":"C:/Users/steve/Downloads/Cartbuddy/src/__tests__/validators/household.test.ts"},{"assertionResults":[{"ancestorTitles":["itemSchema"],"fullName":"itemSchema accepts a valid item with only name","status":"passed","title":"accepts a valid item with only name","duration":1.8501000000001113,"failureMessages":[],"meta":{}},{"ancestorTitles":["itemSchema"],"fullName":"itemSchema accepts a valid item with all fields","status":"passed","title":"accepts a valid item with all fields","duration":0.3249000000000706,"failureMessages":[],"meta":{}},{"ancestorTitles":["itemSchema"],"fullName":"itemSchema accepts null for optional fields","status":"passed","title":"accepts null for optional fields","duration":0.13570000000004256,"failureMessages":[],"meta":{}},{"ancestorTitles":["itemSchema"],"fullName":"itemSchema trims whitespace from name","status":"passed","title":"trims whitespace from name","duration":0.15650000000005093,"failureMessages":[],"meta":{}},{"ancestorTitles":["itemSchema"],"fullName":"itemSchema trims whitespace from quantity","status":"passed","title":"trims whitespace from quantity","duration":0.1390000000001237,"failureMessages":[],"meta":{}},{"ancestorTitles":["itemSchema"],"fullName":"itemSchema trims whitespace from notes","status":"passed","title":"trims whitespace from notes","duration":0.1512000000000171,"failureMessages":[],"meta":{}},{"ancestorTitles":["itemSchema"],"fullName":"itemSchema rejects empty name","status":"passed","title":"rejects empty name","duration":0.41970000000014807,"failureMessages":[],"meta":{}},{"ancestorTitles":["itemSchema"],"fullName":"itemSchema rejects whitespace-only name","status":"passed","title":"rejects whitespace-only name","duration":0.1794999999999618,"failureMessages":[],"meta":{}},{"ancestorTitles":["itemSchema"],"fullName":"itemSchema rejects name over 100 characters","status":"passed","title":"rejects name over 100 characters","duration":0.17040000000019973,"failureMessages":[],"meta":{}},{"ancestorTitles":["itemSchema"],"fullName":"itemSchema accepts name at exactly 100 characters","status":"passed","title":"accepts name at exactly 100 characters","duration":0.14360000000010587,"failureMessages":[],"meta":{}},{"ancestorTitles":["itemSchema"],"fullName":"itemSchema rejects quantity over 50 characters","status":"passed","title":"rejects quantity over 50 characters","duration":0.17619999999988067,"failureMessages":[],"meta":{}},{"ancestorTitles":["itemSchema"],"fullName":"itemSchema rejects notes over 200 characters","status":"passed","title":"rejects notes over 200 characters","duration":0.1471000000001368,"failureMessages":[],"meta":{}},{"ancestorTitles":["itemSchema"],"fullName":"itemSchema rejects non-integer category_id","status":"passed","title":"rejects non-integer category_id","duration":0.3087000000000444,"failureMessages":[],"meta":{}},{"ancestorTitles":["itemSchema"],"fullName":"itemSchema rejects negative category_id","status":"passed","title":"rejects negative category_id","duration":0.16570000000001528,"failureMessages":[],"meta":{}},{"ancestorTitles":["itemSchema"],"fullName":"itemSchema rejects zero category_id","status":"passed","title":"rejects zero category_id","duration":0.11290000000008149,"failureMessages":[],"meta":{}},{"ancestorTitles":["itemSchema"],"fullName":"itemSchema rejects missing name entirely","status":"passed","title":"rejects missing name entirely","duration":0.14530000000013388,"failureMessages":[],"meta":{}}],"startTime":1772502681771,"endTime":1772502681776.1658,"status":"passed","message":"","name":"C:/Users/steve/Downloads/Cartbuddy/src/__tests__/validators/item.test.ts"},{"assertionResults":[{"ancestorTitles":["storeSchema"],"fullName":"storeSchema accepts a valid store name","status":"passed","title":"accepts a valid store name","duration":2.8396000000000186,"failureMessages":[],"meta":{}},{"ancestorTitles":["storeSchema"],"fullName":"storeSchema trims whitespace","status":"passed","title":"trims whitespace","duration":0.3647999999998319,"failureMessages":[],"meta":{}},{"ancestorTitles":["storeSchema"],"fullName":"storeSchema rejects empty name","status":"passed","title":"rejects empty name","duration":0.781099999999924,"failureMessages":[],"meta":{}},{"ancestorTitles":["storeSchema"],"fullName":"storeSchema rejects whitespace-only name","status":"passed","title":"rejects whitespace-only name","duration":0.2740000000001146,"failureMessages":[],"meta":{}},{"ancestorTitles":["storeSchema"],"fullName":"storeSchema rejects name over 50 characters","status":"passed","title":"rejects name over 50 characters","duration":0.24309999999991305,"failureMessages":[],"meta":{}},{"ancestorTitles":["storeSchema"],"fullName":"storeSchema accepts name at exactly 50 characters","status":"passed","title":"accepts name at exactly 50 characters","duration":0.11959999999999127,"failureMessages":[],"meta":{}},{"ancestorTitles":["storeSchema"],"fullName":"storeSchema rejects missing name","status":"passed","title":"rejects missing name","duration":0.35609999999996944,"failureMessages":[],"meta":{}},{"ancestorTitles":["storeSchema"],"fullName":"storeSchema accepts special characters in store name","status":"passed","title":"accepts special characters in store name","duration":0.14960000000019136,"failureMessages":[],"meta":{}}],"startTime":1772502681753,"endTime":1772502681759.1497,"status":"passed","message":"","name":"C:/Users/steve/Downloads/Cartbuddy/src/__tests__/validators/store.test.ts"},{"assertionResults":[{"ancestorTitles":["sync engine"],"fullName":"sync engine returns zeros for empty queue","status":"passed","title":"returns zeros for empty queue","duration":3.304499999999962,"failureMessages":[],"meta":{}},{"ancestorTitles":["sync engine"],"fullName":"sync engine replays INSERT mutation","status":"passed","title":"replays INSERT mutation","duration":2.9722999999999047,"failureMessages":[],"meta":{}},{"ancestorTitles":["sync engine"],"fullName":"sync engine replays UPDATE mutation with filter","status":"passed","title":"replays UPDATE mutation with filter","duration":1.2601999999999407,"failureMessages":[],"meta":{}},{"ancestorTitles":["sync engine"],"fullName":"sync engine replays DELETE mutation with filter","status":"passed","title":"replays DELETE mutation with filter","duration":0.9013999999999669,"failureMessages":[],"meta":{}},{"ancestorTitles":["sync engine"],"fullName":"sync engine drops mutation after MAX_RETRIES (3)","status":"passed","title":"drops mutation after MAX_RETRIES (3)","duration":6.794299999999794,"failureMessages":[],"meta":{}},{"ancestorTitles":["sync engine"],"fullName":"sync engine counts failed mutations that have not reached max retries","status":"passed","title":"counts failed mutations that have not reached max retries","duration":1.1757000000000062,"failureMessages":[],"meta":{}},{"ancestorTitles":["sync engine"],"fullName":"sync engine handles mixed success and failure","status":"passed","title":"handles mixed success and failure","duration":1.1158000000000357,"failureMessages":[],"meta":{}}],"startTime":1772502681718,"endTime":1772502681735.1157,"status":"passed","message":"","name":"C:/Users/steve/Downloads/Cartbuddy/src/__tests__/sync/engine.test.ts"},{"assertionResults":[{"ancestorTitles":["sync queue (IndexedDB)"],"fullName":"sync queue (IndexedDB) starts with empty queue","status":"passed","title":"starts with empty queue","duration":6.105600000000095,"failureMessages":[],"meta":{}},{"ancestorTitles":["sync queue (IndexedDB)"],"fullName":"sync queue (IndexedDB) getPendingCount returns 0 for empty queue","status":"passed","title":"getPendingCount returns 0 for empty queue","duration":0.7197000000001026,"failureMessages":[],"meta":{}},{"ancestorTitles":["sync queue (IndexedDB)"],"fullName":"sync queue (IndexedDB) queues a mutation and retrieves it","status":"passed","title":"queues a mutation and retrieves it","duration":2.106800000000021,"failureMessages":[],"meta":{}},{"ancestorTitles":["sync queue (IndexedDB)"],"fullName":"sync queue (IndexedDB) auto-assigns an id to queued mutations","status":"passed","title":"auto-assigns an id to queued mutations","duration":0.7280000000000655,"failureMessages":[],"meta":{}},{"ancestorTitles":["sync queue (IndexedDB)"],"fullName":"sync queue (IndexedDB) maintains FIFO order","status":"passed","title":"maintains FIFO order","duration":1.3413000000000466,"failureMessages":[],"meta":{}},{"ancestorTitles":["sync queue (IndexedDB)"],"fullName":"sync queue (IndexedDB) getPendingCount reflects queue size","status":"passed","title":"getPendingCount reflects queue size","duration":0.6611000000000331,"failureMessages":[],"meta":{}},{"ancestorTitles":["sync queue (IndexedDB)"],"fullName":"sync queue (IndexedDB) removeMutation removes specific mutation","status":"passed","title":"removeMutation removes specific mutation","duration":1.5289999999999964,"failureMessages":[],"meta":{}},{"ancestorTitles":["sync queue (IndexedDB)"],"fullName":"sync queue (IndexedDB) clearQueue removes all mutations","status":"passed","title":"clearQueue removes all mutations","duration":0.700800000000072,"failureMessages":[],"meta":{}},{"ancestorTitles":["sync queue (IndexedDB)"],"fullName":"sync queue (IndexedDB) stores filter data for update mutations","status":"passed","title":"stores filter data for update mutations","duration":0.5866000000000895,"failureMessages":[],"meta":{}},{"ancestorTitles":["sync queue (IndexedDB)"],"fullName":"sync queue (IndexedDB) stores filter data for delete mutations","status":"passed","title":"stores filter data for delete mutations","duration":0.543100000000095,"failureMessages":[],"meta":{}}],"startTime":1772502681698,"endTime":1772502681713.5432,"status":"passed","message":"","name":"C:/Users/steve/Downloads/Cartbuddy/src/__tests__/sync/queue.test.ts"}]}